<?xml version="1.0" encoding="UTF-8"?>
<!-- Generated by org.testng.reporters.JUnitReportReporter -->
<testsuite hostname="ESPLD126" name="com.qa.tests.GetAPTTest" tests="1" failures="0" timestamp="26 Aug 2019 06:32:21 GMT" time="1.512" errors="0">
  <testcase name="getAPItest" time="1.512" classname="com.qa.tests.GetAPTTest"/>
</testsuite> <!-- com.qa.tests.GetAPTTest -->
